<?xml version="1.0" encoding="UTF-8"?>
<!-- Generated by org.testng.reporters.JUnitXMLReporter -->
<testsuite hostname="admin-PC" name="Admin" tests="4" failures="0" timestamp="19 Aug 2017 11:20:52 GMT" time="0.046" errors="0">
  <testcase name="Method2" time="0.016" classname="TestNGPractice.Example1"/>
  <testcase name="Method1" time="0.0" classname="TestNGPractice.Example1"/>
  <testcase name="Method2" time="0.0" classname="TestNGPractice.Example2"/>
  <testcase name="Method1" time="0.0" classname="TestNGPractice.Example2"/>
</testsuite> <!-- Admin -->
